{"contracts/Stretchit.sol":{"l":{"10":4,"11":4,"15":5,"16":3,"24":2,"25":2,"29":5,"30":4,"34":1,"42":3,"51":5,"55":4,"56":4,"57":4,"61":6,"65":5,"66":4,"67":4,"69":4,"73":2,"74":1,"78":4,"79":3,"83":1,"87":3},"path":"/Users/andrejsamokis/final-boss/contracts/Stretchit.sol","s":{"1":5,"2":2,"3":5,"4":1,"5":5,"6":4,"7":4,"8":6,"9":5,"10":4,"11":4,"12":4,"13":2,"14":1,"15":1,"16":3},"b":{"1":[3,2],"2":[2,1],"3":[4,1],"4":[1,1],"5":[4,1],"6":[5,1],"7":[4,1],"8":[1,1],"9":[3,1]},"f":{"1":4,"2":5,"3":2,"4":5,"5":1,"6":3,"7":5,"8":6,"9":2,"10":1,"11":3},"fnMap":{"1":{"name":"constructor","line":9,"loc":{"start":{"line":9,"column":4},"end":{"line":12,"column":4}}},"2":{"name":"onlyUser","line":14,"loc":{"start":{"line":14,"column":4},"end":{"line":17,"column":4}}},"3":{"name":"pushData","line":23,"loc":{"start":{"line":23,"column":4},"end":{"line":26,"column":4}}},"4":{"name":"setAllowance","line":28,"loc":{"start":{"line":28,"column":4},"end":{"line":31,"column":4}}},"5":{"name":"getData","line":33,"loc":{"start":{"line":33,"column":4},"end":{"line":35,"column":4}}},"6":{"name":"constructor","line":41,"loc":{"start":{"line":41,"column":4},"end":{"line":43,"column":4}}},"7":{"name":"createNewUser","line":50,"loc":{"start":{"line":50,"column":4},"end":{"line":58,"column":4}}},"8":{"name":"allow","line":60,"loc":{"start":{"line":60,"column":4},"end":{"line":70,"column":4}}},"9":{"name":"widthdraw","line":72,"loc":{"start":{"line":72,"column":4},"end":{"line":75,"column":4}}},"10":{"name":"balanceOf","line":82,"loc":{"start":{"line":82,"column":4},"end":{"line":84,"column":4}}},"11":{"name":"viewUsersContracts","line":86,"loc":{"start":{"line":86,"column":4},"end":{"line":88,"column":4}}}},"statementMap":{"1":{"start":{"line":15,"column":8},"end":{"line":15,"column":68}},"2":{"start":{"line":25,"column":8},"end":{"line":25,"column":31}},"3":{"start":{"line":29,"column":8},"end":{"line":29,"column":59}},"4":{"start":{"line":34,"column":8},"end":{"line":34,"column":19}},"5":{"start":{"line":51,"column":8},"end":{"line":51,"column":1135}},"6":{"start":{"line":55,"column":8},"end":{"line":55,"column":43}},"7":{"start":{"line":57,"column":8},"end":{"line":57,"column":38}},"8":{"start":{"line":61,"column":8},"end":{"line":61,"column":1427}},"9":{"start":{"line":65,"column":8},"end":{"line":65,"column":52}},"10":{"start":{"line":66,"column":8},"end":{"line":66,"column":35}},"11":{"start":{"line":67,"column":8},"end":{"line":67,"column":50}},"12":{"start":{"line":69,"column":8},"end":{"line":69,"column":32}},"13":{"start":{"line":73,"column":8},"end":{"line":73,"column":50}},"14":{"start":{"line":74,"column":8},"end":{"line":74,"column":44}},"15":{"start":{"line":83,"column":8},"end":{"line":83,"column":44}},"16":{"start":{"line":87,"column":8},"end":{"line":87,"column":27}}},"branchMap":{"1":{"line":15,"type":"if","locations":[{"start":{"line":15,"column":8},"end":{"line":15,"column":8}},{"start":{"line":15,"column":8},"end":{"line":15,"column":8}}]},"2":{"line":23,"type":"if","locations":[{"start":{"line":23,"column":57},"end":{"line":23,"column":57}},{"start":{"line":23,"column":57},"end":{"line":23,"column":57}}]},"3":{"line":29,"type":"if","locations":[{"start":{"line":29,"column":8},"end":{"line":29,"column":8}},{"start":{"line":29,"column":8},"end":{"line":29,"column":8}}]},"4":{"line":33,"type":"if","locations":[{"start":{"line":33,"column":37},"end":{"line":33,"column":37}},{"start":{"line":33,"column":37},"end":{"line":33,"column":37}}]},"5":{"line":51,"type":"if","locations":[{"start":{"line":51,"column":8},"end":{"line":51,"column":8}},{"start":{"line":51,"column":8},"end":{"line":51,"column":8}}]},"6":{"line":61,"type":"if","locations":[{"start":{"line":61,"column":8},"end":{"line":61,"column":8}},{"start":{"line":61,"column":8},"end":{"line":61,"column":8}}]},"7":{"line":65,"type":"if","locations":[{"start":{"line":65,"column":8},"end":{"line":65,"column":8}},{"start":{"line":65,"column":8},"end":{"line":65,"column":8}}]},"8":{"line":73,"type":"if","locations":[{"start":{"line":73,"column":8},"end":{"line":73,"column":8}},{"start":{"line":73,"column":8},"end":{"line":73,"column":8}}]},"9":{"line":78,"type":"if","locations":[{"start":{"line":78,"column":8},"end":{"line":78,"column":8}},{"start":{"line":78,"column":8},"end":{"line":78,"column":8}}]}}}}